0 info it worked if it ends with ok
1 verbose cli [ '/usr/local/Cellar/node/0.10.11/bin/node',
1 verbose cli   '/usr/local/bin/npm',
1 verbose cli   'install' ]
2 info using npm@1.2.30
3 info using node@v0.10.11
4 verbose read json /Users/rui/Sites/sudoku/package.json
5 warn package.json application-name@0.0.1 No repository field.
6 warn package.json application-name@0.0.1 No readme data.
7 verbose readDependencies using package.json deps
8 verbose install where, deps [ '/Users/rui/Sites/sudoku',
8 verbose install   [ 'express',
8 verbose install     'ejs',
8 verbose install     'less-middleware',
8 verbose install     'grunt',
8 verbose install     'karma',
8 verbose install     'karma-coverage',
8 verbose install     'grunt-karma',
8 verbose install     'grunt-istanbul-coverage',
8 verbose install     'jshint-stylish',
8 verbose install     'grunt-contrib-jshint',
8 verbose install     'karma-phantomjs-launcher',
8 verbose install     'karma-chrome-launcher',
8 verbose install     'karma-jasmine',
8 verbose install     'grunt-contrib-watch',
8 verbose install     'grunt-express-server' ] ]
9 verbose from cache /Users/rui/Sites/sudoku/package.json
10 info preinstall application-name@0.0.1
11 verbose from cache /Users/rui/Sites/sudoku/package.json
12 verbose readDependencies using package.json deps
13 verbose cache add [ 'express@3.5.1', null ]
14 verbose cache add name=undefined spec="express@3.5.1" args=["express@3.5.1",null]
15 verbose parsed url { protocol: null,
15 verbose parsed url   slashes: null,
15 verbose parsed url   auth: null,
15 verbose parsed url   host: null,
15 verbose parsed url   port: null,
15 verbose parsed url   hostname: null,
15 verbose parsed url   hash: null,
15 verbose parsed url   search: null,
15 verbose parsed url   query: null,
15 verbose parsed url   pathname: 'express@3.5.1',
15 verbose parsed url   path: 'express@3.5.1',
15 verbose parsed url   href: 'express@3.5.1' }
16 verbose cache add name="express" spec="3.5.1" args=["express","3.5.1"]
17 verbose parsed url { protocol: null,
17 verbose parsed url   slashes: null,
17 verbose parsed url   auth: null,
17 verbose parsed url   host: null,
17 verbose parsed url   port: null,
17 verbose parsed url   hostname: null,
17 verbose parsed url   hash: null,
17 verbose parsed url   search: null,
17 verbose parsed url   query: null,
17 verbose parsed url   pathname: '3.5.1',
17 verbose parsed url   path: '3.5.1',
17 verbose parsed url   href: '3.5.1' }
18 verbose addNamed [ 'express', '3.5.1' ]
19 verbose addNamed [ '3.5.1', '3.5.1' ]
20 verbose cache add [ 'ejs@*', null ]
21 verbose cache add name=undefined spec="ejs@*" args=["ejs@*",null]
22 verbose parsed url { protocol: null,
22 verbose parsed url   slashes: null,
22 verbose parsed url   auth: null,
22 verbose parsed url   host: null,
22 verbose parsed url   port: null,
22 verbose parsed url   hostname: null,
22 verbose parsed url   hash: null,
22 verbose parsed url   search: null,
22 verbose parsed url   query: null,
22 verbose parsed url   pathname: 'ejs@*',
22 verbose parsed url   path: 'ejs@*',
22 verbose parsed url   href: 'ejs@*' }
23 verbose cache add name="ejs" spec="*" args=["ejs","*"]
24 verbose parsed url { protocol: null,
24 verbose parsed url   slashes: null,
24 verbose parsed url   auth: null,
24 verbose parsed url   host: null,
24 verbose parsed url   port: null,
24 verbose parsed url   hostname: null,
24 verbose parsed url   hash: null,
24 verbose parsed url   search: null,
24 verbose parsed url   query: null,
24 verbose parsed url   pathname: '*',
24 verbose parsed url   path: '*',
24 verbose parsed url   href: '*' }
25 verbose addNamed [ 'ejs', '*' ]
26 verbose addNamed [ null, '' ]
27 verbose cache add [ 'less-middleware@*', null ]
28 verbose cache add name=undefined spec="less-middleware@*" args=["less-middleware@*",null]
29 verbose parsed url { protocol: null,
29 verbose parsed url   slashes: null,
29 verbose parsed url   auth: null,
29 verbose parsed url   host: null,
29 verbose parsed url   port: null,
29 verbose parsed url   hostname: null,
29 verbose parsed url   hash: null,
29 verbose parsed url   search: null,
29 verbose parsed url   query: null,
29 verbose parsed url   pathname: 'less-middleware@*',
29 verbose parsed url   path: 'less-middleware@*',
29 verbose parsed url   href: 'less-middleware@*' }
30 verbose cache add name="less-middleware" spec="*" args=["less-middleware","*"]
31 verbose parsed url { protocol: null,
31 verbose parsed url   slashes: null,
31 verbose parsed url   auth: null,
31 verbose parsed url   host: null,
31 verbose parsed url   port: null,
31 verbose parsed url   hostname: null,
31 verbose parsed url   hash: null,
31 verbose parsed url   search: null,
31 verbose parsed url   query: null,
31 verbose parsed url   pathname: '*',
31 verbose parsed url   path: '*',
31 verbose parsed url   href: '*' }
32 verbose addNamed [ 'less-middleware', '*' ]
33 verbose addNamed [ null, '' ]
34 verbose cache add [ 'karma@^0.12.0', null ]
35 verbose cache add name=undefined spec="karma@^0.12.0" args=["karma@^0.12.0",null]
36 verbose parsed url { protocol: null,
36 verbose parsed url   slashes: null,
36 verbose parsed url   auth: null,
36 verbose parsed url   host: null,
36 verbose parsed url   port: null,
36 verbose parsed url   hostname: null,
36 verbose parsed url   hash: null,
36 verbose parsed url   search: null,
36 verbose parsed url   query: null,
36 verbose parsed url   pathname: 'karma@^0.12.0',
36 verbose parsed url   path: 'karma@^0.12.0',
36 verbose parsed url   href: 'karma@^0.12.0' }
37 verbose cache add name="karma" spec="^0.12.0" args=["karma","^0.12.0"]
38 verbose parsed url { protocol: null,
38 verbose parsed url   slashes: null,
38 verbose parsed url   auth: null,
38 verbose parsed url   host: null,
38 verbose parsed url   port: null,
38 verbose parsed url   hostname: null,
38 verbose parsed url   hash: null,
38 verbose parsed url   search: null,
38 verbose parsed url   query: null,
38 verbose parsed url   pathname: '^0.12.0',
38 verbose parsed url   path: '^0.12.0',
38 verbose parsed url   href: '^0.12.0' }
39 verbose addNamed [ 'karma', '^0.12.0' ]
40 verbose addNamed [ null, null ]
41 verbose cache add [ 'karma-coverage@^0.1.4', null ]
42 verbose cache add name=undefined spec="karma-coverage@^0.1.4" args=["karma-coverage@^0.1.4",null]
43 verbose parsed url { protocol: null,
43 verbose parsed url   slashes: null,
43 verbose parsed url   auth: null,
43 verbose parsed url   host: null,
43 verbose parsed url   port: null,
43 verbose parsed url   hostname: null,
43 verbose parsed url   hash: null,
43 verbose parsed url   search: null,
43 verbose parsed url   query: null,
43 verbose parsed url   pathname: 'karma-coverage@^0.1.4',
43 verbose parsed url   path: 'karma-coverage@^0.1.4',
43 verbose parsed url   href: 'karma-coverage@^0.1.4' }
44 verbose cache add name="karma-coverage" spec="^0.1.4" args=["karma-coverage","^0.1.4"]
45 verbose parsed url { protocol: null,
45 verbose parsed url   slashes: null,
45 verbose parsed url   auth: null,
45 verbose parsed url   host: null,
45 verbose parsed url   port: null,
45 verbose parsed url   hostname: null,
45 verbose parsed url   hash: null,
45 verbose parsed url   search: null,
45 verbose parsed url   query: null,
45 verbose parsed url   pathname: '^0.1.4',
45 verbose parsed url   path: '^0.1.4',
45 verbose parsed url   href: '^0.1.4' }
46 verbose addNamed [ 'karma-coverage', '^0.1.4' ]
47 verbose addNamed [ null, null ]
48 verbose cache add [ 'grunt@^0.4.4', null ]
49 verbose cache add name=undefined spec="grunt@^0.4.4" args=["grunt@^0.4.4",null]
50 verbose parsed url { protocol: null,
50 verbose parsed url   slashes: null,
50 verbose parsed url   auth: null,
50 verbose parsed url   host: null,
50 verbose parsed url   port: null,
50 verbose parsed url   hostname: null,
50 verbose parsed url   hash: null,
50 verbose parsed url   search: null,
50 verbose parsed url   query: null,
50 verbose parsed url   pathname: 'grunt@^0.4.4',
50 verbose parsed url   path: 'grunt@^0.4.4',
50 verbose parsed url   href: 'grunt@^0.4.4' }
51 verbose cache add name="grunt" spec="^0.4.4" args=["grunt","^0.4.4"]
52 verbose parsed url { protocol: null,
52 verbose parsed url   slashes: null,
52 verbose parsed url   auth: null,
52 verbose parsed url   host: null,
52 verbose parsed url   port: null,
52 verbose parsed url   hostname: null,
52 verbose parsed url   hash: null,
52 verbose parsed url   search: null,
52 verbose parsed url   query: null,
52 verbose parsed url   pathname: '^0.4.4',
52 verbose parsed url   path: '^0.4.4',
52 verbose parsed url   href: '^0.4.4' }
53 verbose addNamed [ 'grunt', '^0.4.4' ]
54 verbose addNamed [ null, null ]
55 verbose cache add [ 'grunt-karma@^0.8.2', null ]
56 verbose cache add name=undefined spec="grunt-karma@^0.8.2" args=["grunt-karma@^0.8.2",null]
57 verbose parsed url { protocol: null,
57 verbose parsed url   slashes: null,
57 verbose parsed url   auth: null,
57 verbose parsed url   host: null,
57 verbose parsed url   port: null,
57 verbose parsed url   hostname: null,
57 verbose parsed url   hash: null,
57 verbose parsed url   search: null,
57 verbose parsed url   query: null,
57 verbose parsed url   pathname: 'grunt-karma@^0.8.2',
57 verbose parsed url   path: 'grunt-karma@^0.8.2',
57 verbose parsed url   href: 'grunt-karma@^0.8.2' }
58 verbose cache add name="grunt-karma" spec="^0.8.2" args=["grunt-karma","^0.8.2"]
59 verbose parsed url { protocol: null,
59 verbose parsed url   slashes: null,
59 verbose parsed url   auth: null,
59 verbose parsed url   host: null,
59 verbose parsed url   port: null,
59 verbose parsed url   hostname: null,
59 verbose parsed url   hash: null,
59 verbose parsed url   search: null,
59 verbose parsed url   query: null,
59 verbose parsed url   pathname: '^0.8.2',
59 verbose parsed url   path: '^0.8.2',
59 verbose parsed url   href: '^0.8.2' }
60 verbose addNamed [ 'grunt-karma', '^0.8.2' ]
61 verbose addNamed [ null, null ]
62 verbose cache add [ 'grunt-istanbul-coverage@^0.0.2', null ]
63 verbose cache add name=undefined spec="grunt-istanbul-coverage@^0.0.2" args=["grunt-istanbul-coverage@^0.0.2",null]
64 verbose parsed url { protocol: null,
64 verbose parsed url   slashes: null,
64 verbose parsed url   auth: null,
64 verbose parsed url   host: null,
64 verbose parsed url   port: null,
64 verbose parsed url   hostname: null,
64 verbose parsed url   hash: null,
64 verbose parsed url   search: null,
64 verbose parsed url   query: null,
64 verbose parsed url   pathname: 'grunt-istanbul-coverage@^0.0.2',
64 verbose parsed url   path: 'grunt-istanbul-coverage@^0.0.2',
64 verbose parsed url   href: 'grunt-istanbul-coverage@^0.0.2' }
65 verbose cache add name="grunt-istanbul-coverage" spec="^0.0.2" args=["grunt-istanbul-coverage","^0.0.2"]
66 verbose parsed url { protocol: null,
66 verbose parsed url   slashes: null,
66 verbose parsed url   auth: null,
66 verbose parsed url   host: null,
66 verbose parsed url   port: null,
66 verbose parsed url   hostname: null,
66 verbose parsed url   hash: null,
66 verbose parsed url   search: null,
66 verbose parsed url   query: null,
66 verbose parsed url   pathname: '^0.0.2',
66 verbose parsed url   path: '^0.0.2',
66 verbose parsed url   href: '^0.0.2' }
67 verbose addNamed [ 'grunt-istanbul-coverage', '^0.0.2' ]
68 verbose addNamed [ null, null ]
69 verbose cache add [ 'jshint-stylish@^1.0.0', null ]
70 verbose cache add name=undefined spec="jshint-stylish@^1.0.0" args=["jshint-stylish@^1.0.0",null]
71 verbose parsed url { protocol: null,
71 verbose parsed url   slashes: null,
71 verbose parsed url   auth: null,
71 verbose parsed url   host: null,
71 verbose parsed url   port: null,
71 verbose parsed url   hostname: null,
71 verbose parsed url   hash: null,
71 verbose parsed url   search: null,
71 verbose parsed url   query: null,
71 verbose parsed url   pathname: 'jshint-stylish@^1.0.0',
71 verbose parsed url   path: 'jshint-stylish@^1.0.0',
71 verbose parsed url   href: 'jshint-stylish@^1.0.0' }
72 verbose cache add name="jshint-stylish" spec="^1.0.0" args=["jshint-stylish","^1.0.0"]
73 verbose parsed url { protocol: null,
73 verbose parsed url   slashes: null,
73 verbose parsed url   auth: null,
73 verbose parsed url   host: null,
73 verbose parsed url   port: null,
73 verbose parsed url   hostname: null,
73 verbose parsed url   hash: null,
73 verbose parsed url   search: null,
73 verbose parsed url   query: null,
73 verbose parsed url   pathname: '^1.0.0',
73 verbose parsed url   path: '^1.0.0',
73 verbose parsed url   href: '^1.0.0' }
74 verbose addNamed [ 'jshint-stylish', '^1.0.0' ]
75 verbose addNamed [ null, null ]
76 silly lockFile d983726f-express-3-5-1 express@3.5.1
77 verbose lock express@3.5.1 /Users/rui/.npm/d983726f-express-3-5-1.lock
78 silly lockFile 9d73ed50-ejs ejs@*
79 verbose lock ejs@* /Users/rui/.npm/9d73ed50-ejs.lock
80 silly lockFile 6c2318f2-less-middleware less-middleware@*
81 verbose lock less-middleware@* /Users/rui/.npm/6c2318f2-less-middleware.lock
82 verbose cache add [ 'grunt-contrib-jshint@^0.10.0', null ]
83 verbose cache add name=undefined spec="grunt-contrib-jshint@^0.10.0" args=["grunt-contrib-jshint@^0.10.0",null]
84 verbose parsed url { protocol: null,
84 verbose parsed url   slashes: null,
84 verbose parsed url   auth: null,
84 verbose parsed url   host: null,
84 verbose parsed url   port: null,
84 verbose parsed url   hostname: null,
84 verbose parsed url   hash: null,
84 verbose parsed url   search: null,
84 verbose parsed url   query: null,
84 verbose parsed url   pathname: 'grunt-contrib-jshint@^0.10.0',
84 verbose parsed url   path: 'grunt-contrib-jshint@^0.10.0',
84 verbose parsed url   href: 'grunt-contrib-jshint@^0.10.0' }
85 verbose cache add name="grunt-contrib-jshint" spec="^0.10.0" args=["grunt-contrib-jshint","^0.10.0"]
86 verbose parsed url { protocol: null,
86 verbose parsed url   slashes: null,
86 verbose parsed url   auth: null,
86 verbose parsed url   host: null,
86 verbose parsed url   port: null,
86 verbose parsed url   hostname: null,
86 verbose parsed url   hash: null,
86 verbose parsed url   search: null,
86 verbose parsed url   query: null,
86 verbose parsed url   pathname: '^0.10.0',
86 verbose parsed url   path: '^0.10.0',
86 verbose parsed url   href: '^0.10.0' }
87 verbose addNamed [ 'grunt-contrib-jshint', '^0.10.0' ]
88 verbose addNamed [ null, null ]
89 silly lockFile 1bfa20d8-grunt-contrib-jshint-0-10-0 grunt-contrib-jshint@^0.10.0
90 verbose lock grunt-contrib-jshint@^0.10.0 /Users/rui/.npm/1bfa20d8-grunt-contrib-jshint-0-10-0.lock
91 verbose cache add [ 'karma-phantomjs-launcher@^0.1.1', null ]
92 verbose cache add name=undefined spec="karma-phantomjs-launcher@^0.1.1" args=["karma-phantomjs-launcher@^0.1.1",null]
93 verbose parsed url { protocol: null,
93 verbose parsed url   slashes: null,
93 verbose parsed url   auth: null,
93 verbose parsed url   host: null,
93 verbose parsed url   port: null,
93 verbose parsed url   hostname: null,
93 verbose parsed url   hash: null,
93 verbose parsed url   search: null,
93 verbose parsed url   query: null,
93 verbose parsed url   pathname: 'karma-phantomjs-launcher@^0.1.1',
93 verbose parsed url   path: 'karma-phantomjs-launcher@^0.1.1',
93 verbose parsed url   href: 'karma-phantomjs-launcher@^0.1.1' }
94 verbose cache add name="karma-phantomjs-launcher" spec="^0.1.1" args=["karma-phantomjs-launcher","^0.1.1"]
95 verbose parsed url { protocol: null,
95 verbose parsed url   slashes: null,
95 verbose parsed url   auth: null,
95 verbose parsed url   host: null,
95 verbose parsed url   port: null,
95 verbose parsed url   hostname: null,
95 verbose parsed url   hash: null,
95 verbose parsed url   search: null,
95 verbose parsed url   query: null,
95 verbose parsed url   pathname: '^0.1.1',
95 verbose parsed url   path: '^0.1.1',
95 verbose parsed url   href: '^0.1.1' }
96 verbose addNamed [ 'karma-phantomjs-launcher', '^0.1.1' ]
97 verbose addNamed [ null, null ]
98 silly lockFile 5eeee39e-karma-phantomjs-launcher-0-1-1 karma-phantomjs-launcher@^0.1.1
99 verbose lock karma-phantomjs-launcher@^0.1.1 /Users/rui/.npm/5eeee39e-karma-phantomjs-launcher-0-1-1.lock
100 verbose cache add [ 'karma-chrome-launcher@^0.1.2', null ]
101 verbose cache add name=undefined spec="karma-chrome-launcher@^0.1.2" args=["karma-chrome-launcher@^0.1.2",null]
102 verbose parsed url { protocol: null,
102 verbose parsed url   slashes: null,
102 verbose parsed url   auth: null,
102 verbose parsed url   host: null,
102 verbose parsed url   port: null,
102 verbose parsed url   hostname: null,
102 verbose parsed url   hash: null,
102 verbose parsed url   search: null,
102 verbose parsed url   query: null,
102 verbose parsed url   pathname: 'karma-chrome-launcher@^0.1.2',
102 verbose parsed url   path: 'karma-chrome-launcher@^0.1.2',
102 verbose parsed url   href: 'karma-chrome-launcher@^0.1.2' }
103 verbose cache add name="karma-chrome-launcher" spec="^0.1.2" args=["karma-chrome-launcher","^0.1.2"]
104 verbose parsed url { protocol: null,
104 verbose parsed url   slashes: null,
104 verbose parsed url   auth: null,
104 verbose parsed url   host: null,
104 verbose parsed url   port: null,
104 verbose parsed url   hostname: null,
104 verbose parsed url   hash: null,
104 verbose parsed url   search: null,
104 verbose parsed url   query: null,
104 verbose parsed url   pathname: '^0.1.2',
104 verbose parsed url   path: '^0.1.2',
104 verbose parsed url   href: '^0.1.2' }
105 verbose addNamed [ 'karma-chrome-launcher', '^0.1.2' ]
106 verbose addNamed [ null, null ]
107 silly lockFile 52b91d2d-karma-chrome-launcher-0-1-2 karma-chrome-launcher@^0.1.2
108 verbose lock karma-chrome-launcher@^0.1.2 /Users/rui/.npm/52b91d2d-karma-chrome-launcher-0-1-2.lock
109 verbose cache add [ 'karma-jasmine@^0.2.2', null ]
110 verbose cache add name=undefined spec="karma-jasmine@^0.2.2" args=["karma-jasmine@^0.2.2",null]
111 verbose parsed url { protocol: null,
111 verbose parsed url   slashes: null,
111 verbose parsed url   auth: null,
111 verbose parsed url   host: null,
111 verbose parsed url   port: null,
111 verbose parsed url   hostname: null,
111 verbose parsed url   hash: null,
111 verbose parsed url   search: null,
111 verbose parsed url   query: null,
111 verbose parsed url   pathname: 'karma-jasmine@^0.2.2',
111 verbose parsed url   path: 'karma-jasmine@^0.2.2',
111 verbose parsed url   href: 'karma-jasmine@^0.2.2' }
112 verbose cache add name="karma-jasmine" spec="^0.2.2" args=["karma-jasmine","^0.2.2"]
113 verbose parsed url { protocol: null,
113 verbose parsed url   slashes: null,
113 verbose parsed url   auth: null,
113 verbose parsed url   host: null,
113 verbose parsed url   port: null,
113 verbose parsed url   hostname: null,
113 verbose parsed url   hash: null,
113 verbose parsed url   search: null,
113 verbose parsed url   query: null,
113 verbose parsed url   pathname: '^0.2.2',
113 verbose parsed url   path: '^0.2.2',
113 verbose parsed url   href: '^0.2.2' }
114 verbose addNamed [ 'karma-jasmine', '^0.2.2' ]
115 verbose addNamed [ null, null ]
116 silly lockFile c698705b-karma-jasmine-0-2-2 karma-jasmine@^0.2.2
117 verbose lock karma-jasmine@^0.2.2 /Users/rui/.npm/c698705b-karma-jasmine-0-2-2.lock
118 verbose cache add [ 'grunt-contrib-watch@^0.6.1', null ]
119 verbose cache add name=undefined spec="grunt-contrib-watch@^0.6.1" args=["grunt-contrib-watch@^0.6.1",null]
120 verbose parsed url { protocol: null,
120 verbose parsed url   slashes: null,
120 verbose parsed url   auth: null,
120 verbose parsed url   host: null,
120 verbose parsed url   port: null,
120 verbose parsed url   hostname: null,
120 verbose parsed url   hash: null,
120 verbose parsed url   search: null,
120 verbose parsed url   query: null,
120 verbose parsed url   pathname: 'grunt-contrib-watch@^0.6.1',
120 verbose parsed url   path: 'grunt-contrib-watch@^0.6.1',
120 verbose parsed url   href: 'grunt-contrib-watch@^0.6.1' }
121 verbose cache add name="grunt-contrib-watch" spec="^0.6.1" args=["grunt-contrib-watch","^0.6.1"]
122 verbose parsed url { protocol: null,
122 verbose parsed url   slashes: null,
122 verbose parsed url   auth: null,
122 verbose parsed url   host: null,
122 verbose parsed url   port: null,
122 verbose parsed url   hostname: null,
122 verbose parsed url   hash: null,
122 verbose parsed url   search: null,
122 verbose parsed url   query: null,
122 verbose parsed url   pathname: '^0.6.1',
122 verbose parsed url   path: '^0.6.1',
122 verbose parsed url   href: '^0.6.1' }
123 verbose addNamed [ 'grunt-contrib-watch', '^0.6.1' ]
124 verbose addNamed [ null, null ]
125 silly lockFile 224b1ece-grunt-contrib-watch-0-6-1 grunt-contrib-watch@^0.6.1
126 verbose lock grunt-contrib-watch@^0.6.1 /Users/rui/.npm/224b1ece-grunt-contrib-watch-0-6-1.lock
127 verbose cache add [ 'grunt-express-server@^0.4.19', null ]
128 verbose cache add name=undefined spec="grunt-express-server@^0.4.19" args=["grunt-express-server@^0.4.19",null]
129 verbose parsed url { protocol: null,
129 verbose parsed url   slashes: null,
129 verbose parsed url   auth: null,
129 verbose parsed url   host: null,
129 verbose parsed url   port: null,
129 verbose parsed url   hostname: null,
129 verbose parsed url   hash: null,
129 verbose parsed url   search: null,
129 verbose parsed url   query: null,
129 verbose parsed url   pathname: 'grunt-express-server@^0.4.19',
129 verbose parsed url   path: 'grunt-express-server@^0.4.19',
129 verbose parsed url   href: 'grunt-express-server@^0.4.19' }
130 verbose cache add name="grunt-express-server" spec="^0.4.19" args=["grunt-express-server","^0.4.19"]
131 verbose parsed url { protocol: null,
131 verbose parsed url   slashes: null,
131 verbose parsed url   auth: null,
131 verbose parsed url   host: null,
131 verbose parsed url   port: null,
131 verbose parsed url   hostname: null,
131 verbose parsed url   hash: null,
131 verbose parsed url   search: null,
131 verbose parsed url   query: null,
131 verbose parsed url   pathname: '^0.4.19',
131 verbose parsed url   path: '^0.4.19',
131 verbose parsed url   href: '^0.4.19' }
132 verbose addNamed [ 'grunt-express-server', '^0.4.19' ]
133 verbose addNamed [ null, null ]
134 silly lockFile 35876955-grunt-express-server-0-4-19 grunt-express-server@^0.4.19
135 verbose lock grunt-express-server@^0.4.19 /Users/rui/.npm/35876955-grunt-express-server-0-4-19.lock
136 silly lockFile 8d166704-karma-0-12-0 karma@^0.12.0
137 verbose lock karma@^0.12.0 /Users/rui/.npm/8d166704-karma-0-12-0.lock
138 silly lockFile 8525b891-grunt-0-4-4 grunt@^0.4.4
139 verbose lock grunt@^0.4.4 /Users/rui/.npm/8525b891-grunt-0-4-4.lock
140 silly lockFile d1a0ac00-grunt-karma-0-8-2 grunt-karma@^0.8.2
141 verbose lock grunt-karma@^0.8.2 /Users/rui/.npm/d1a0ac00-grunt-karma-0-8-2.lock
142 silly lockFile 180e21c1-grunt-istanbul-coverage-0-0-2 grunt-istanbul-coverage@^0.0.2
143 verbose lock grunt-istanbul-coverage@^0.0.2 /Users/rui/.npm/180e21c1-grunt-istanbul-coverage-0-0-2.lock
144 info addNameTag [ 'grunt-contrib-jshint', '^0.10.0' ]
145 info addNameTag [ 'karma-phantomjs-launcher', '^0.1.1' ]
146 info addNameTag [ 'karma-chrome-launcher', '^0.1.2' ]
147 info addNameTag [ 'karma-jasmine', '^0.2.2' ]
148 info addNameTag [ 'grunt-contrib-watch', '^0.6.1' ]
149 info addNameTag [ 'grunt-express-server', '^0.4.19' ]
150 silly lockFile 522e2e8d-jshint-stylish-1-0-0 jshint-stylish@^1.0.0
151 verbose lock jshint-stylish@^1.0.0 /Users/rui/.npm/522e2e8d-jshint-stylish-1-0-0.lock
152 info addNameTag [ 'karma', '^0.12.0' ]
153 info addNameTag [ 'grunt', '^0.4.4' ]
154 info addNameTag [ 'grunt-karma', '^0.8.2' ]
155 info addNameTag [ 'grunt-istanbul-coverage', '^0.0.2' ]
156 silly addNameRange { name: 'ejs', range: '', hasData: false }
157 silly addNameRange { name: 'less-middleware', range: '', hasData: false }
158 info addNameTag [ 'jshint-stylish', '^1.0.0' ]
159 silly lockFile 3a0c8004-karma-coverage-0-1-4 karma-coverage@^0.1.4
160 verbose lock karma-coverage@^0.1.4 /Users/rui/.npm/3a0c8004-karma-coverage-0-1-4.lock
161 info addNameTag [ 'karma-coverage', '^0.1.4' ]
162 verbose url raw karma-jasmine
163 verbose url resolving [ 'https://registry.npmjs.org/', './karma-jasmine' ]
164 verbose url resolved https://registry.npmjs.org/karma-jasmine
165 info trying registry request attempt 1 at 21:38:55
166 verbose etag "U9T8177EKORM01F4N4OHO7EW"
167 http GET https://registry.npmjs.org/karma-jasmine
168 verbose url raw karma-chrome-launcher
169 verbose url resolving [ 'https://registry.npmjs.org/', './karma-chrome-launcher' ]
170 verbose url resolved https://registry.npmjs.org/karma-chrome-launcher
171 info trying registry request attempt 1 at 21:38:55
172 verbose etag "AOI88YOQWHDLCYIYFSA98II2E"
173 http GET https://registry.npmjs.org/karma-chrome-launcher
174 verbose url raw express/3.5.1
175 verbose url resolving [ 'https://registry.npmjs.org/', './express/3.5.1' ]
176 verbose url resolved https://registry.npmjs.org/express/3.5.1
177 info trying registry request attempt 1 at 21:38:55
178 verbose etag "O516QA0W7KS2LHG8CH4Q37I0"
179 http GET https://registry.npmjs.org/express/3.5.1
180 verbose url raw grunt-contrib-jshint
181 verbose url resolving [ 'https://registry.npmjs.org/', './grunt-contrib-jshint' ]
182 verbose url resolved https://registry.npmjs.org/grunt-contrib-jshint
183 info trying registry request attempt 1 at 21:38:55
184 verbose etag "EGI76M5WCXO796R8B61UKUH37"
185 http GET https://registry.npmjs.org/grunt-contrib-jshint
186 verbose url raw grunt-contrib-watch
187 verbose url resolving [ 'https://registry.npmjs.org/', './grunt-contrib-watch' ]
188 verbose url resolved https://registry.npmjs.org/grunt-contrib-watch
189 info trying registry request attempt 1 at 21:38:55
190 verbose etag "5JB55DZ88EJ8M6RDFT2F66EMA"
191 http GET https://registry.npmjs.org/grunt-contrib-watch
192 verbose url raw grunt-karma
193 verbose url resolving [ 'https://registry.npmjs.org/', './grunt-karma' ]
194 verbose url resolved https://registry.npmjs.org/grunt-karma
195 info trying registry request attempt 1 at 21:38:55
196 verbose etag "DW2RPRGKN9YN133WSHR3EDLV1"
197 http GET https://registry.npmjs.org/grunt-karma
198 verbose url raw grunt-express-server
199 verbose url resolving [ 'https://registry.npmjs.org/', './grunt-express-server' ]
200 verbose url resolved https://registry.npmjs.org/grunt-express-server
201 info trying registry request attempt 1 at 21:38:55
202 verbose etag "21LY250A7CT33VYXCTNPSKMWV"
203 http GET https://registry.npmjs.org/grunt-express-server
204 verbose url raw grunt-istanbul-coverage
205 verbose url resolving [ 'https://registry.npmjs.org/', './grunt-istanbul-coverage' ]
206 verbose url resolved https://registry.npmjs.org/grunt-istanbul-coverage
207 info trying registry request attempt 1 at 21:38:55
208 verbose etag "5KFUOFZVIGNPZ38Z4FOIJC9H"
209 http GET https://registry.npmjs.org/grunt-istanbul-coverage
210 verbose url raw ejs
211 verbose url resolving [ 'https://registry.npmjs.org/', './ejs' ]
212 verbose url resolved https://registry.npmjs.org/ejs
213 info trying registry request attempt 1 at 21:38:55
214 verbose etag "5GPNQTTE2XB2NM83T37J14ZQ1"
215 http GET https://registry.npmjs.org/ejs
216 verbose url raw less-middleware
217 verbose url resolving [ 'https://registry.npmjs.org/', './less-middleware' ]
218 verbose url resolved https://registry.npmjs.org/less-middleware
219 info trying registry request attempt 1 at 21:38:55
220 verbose etag "FYOJ9SMMWB4Q4M30U5B86UX9"
221 http GET https://registry.npmjs.org/less-middleware
222 verbose url raw karma-phantomjs-launcher
223 verbose url resolving [ 'https://registry.npmjs.org/', './karma-phantomjs-launcher' ]
224 verbose url resolved https://registry.npmjs.org/karma-phantomjs-launcher
225 info trying registry request attempt 1 at 21:38:55
226 verbose etag "8OFXL875Z163A8SOU75KDC4B7"
227 http GET https://registry.npmjs.org/karma-phantomjs-launcher
228 verbose url raw grunt
229 verbose url resolving [ 'https://registry.npmjs.org/', './grunt' ]
230 verbose url resolved https://registry.npmjs.org/grunt
231 info trying registry request attempt 1 at 21:38:55
232 verbose etag "I84G1M63BCPZNXTWW2XGW58W"
233 http GET https://registry.npmjs.org/grunt
234 verbose url raw karma
235 verbose url resolving [ 'https://registry.npmjs.org/', './karma' ]
236 verbose url resolved https://registry.npmjs.org/karma
237 info trying registry request attempt 1 at 21:38:55
238 verbose etag "2MG1JUW3JENBS37EUFI7GVSRH"
239 http GET https://registry.npmjs.org/karma
240 verbose url raw karma-coverage
241 verbose url resolving [ 'https://registry.npmjs.org/', './karma-coverage' ]
242 verbose url resolved https://registry.npmjs.org/karma-coverage
243 info trying registry request attempt 1 at 21:38:55
244 verbose etag "3U78X2O9GIF6ZNMWYHFDRYH9H"
245 http GET https://registry.npmjs.org/karma-coverage
246 verbose url raw jshint-stylish
247 verbose url resolving [ 'https://registry.npmjs.org/', './jshint-stylish' ]
248 verbose url resolved https://registry.npmjs.org/jshint-stylish
249 info trying registry request attempt 1 at 21:38:55
250 verbose etag "ASTTEAHSODZ8ZWP0N40FBE65M"
251 http GET https://registry.npmjs.org/jshint-stylish
252 info retry will retry, error on last attempt: Error: socket hang up
253 info retry will retry, error on last attempt: Error: socket hang up
254 info retry will retry, error on last attempt: Error: socket hang up
255 info retry will retry, error on last attempt: Error: socket hang up
256 info retry will retry, error on last attempt: Error: socket hang up
257 info retry will retry, error on last attempt: Error: socket hang up
258 info retry will retry, error on last attempt: Error: socket hang up
259 info retry will retry, error on last attempt: Error: socket hang up
260 info retry will retry, error on last attempt: Error: socket hang up
261 info retry will retry, error on last attempt: Error: socket hang up
262 info retry will retry, error on last attempt: Error: socket hang up
263 info retry will retry, error on last attempt: Error: socket hang up
264 info retry will retry, error on last attempt: Error: socket hang up
265 info retry will retry, error on last attempt: Error: socket hang up
266 info retry will retry, error on last attempt: Error: socket hang up
267 info trying registry request attempt 2 at 21:39:05
268 verbose etag "EGI76M5WCXO796R8B61UKUH37"
269 http GET https://registry.npmjs.org/grunt-contrib-jshint
270 info trying registry request attempt 2 at 21:39:05
271 verbose etag "O516QA0W7KS2LHG8CH4Q37I0"
272 http GET https://registry.npmjs.org/express/3.5.1
273 info trying registry request attempt 2 at 21:39:05
274 verbose etag "U9T8177EKORM01F4N4OHO7EW"
275 http GET https://registry.npmjs.org/karma-jasmine
276 info trying registry request attempt 2 at 21:39:05
277 verbose etag "5JB55DZ88EJ8M6RDFT2F66EMA"
278 http GET https://registry.npmjs.org/grunt-contrib-watch
279 info trying registry request attempt 2 at 21:39:05
280 verbose etag "DW2RPRGKN9YN133WSHR3EDLV1"
281 http GET https://registry.npmjs.org/grunt-karma
282 info trying registry request attempt 2 at 21:39:06
283 verbose etag "21LY250A7CT33VYXCTNPSKMWV"
284 http GET https://registry.npmjs.org/grunt-express-server
285 info trying registry request attempt 2 at 21:39:06
286 verbose etag "5KFUOFZVIGNPZ38Z4FOIJC9H"
287 http GET https://registry.npmjs.org/grunt-istanbul-coverage
288 info trying registry request attempt 2 at 21:39:06
289 verbose etag "5GPNQTTE2XB2NM83T37J14ZQ1"
290 http GET https://registry.npmjs.org/ejs
291 info retry will retry, error on last attempt: Error: socket hang up
292 info retry will retry, error on last attempt: Error: socket hang up
293 info retry will retry, error on last attempt: Error: socket hang up
294 info retry will retry, error on last attempt: Error: socket hang up
295 info retry will retry, error on last attempt: Error: socket hang up
296 info retry will retry, error on last attempt: Error: socket hang up
297 info retry will retry, error on last attempt: Error: socket hang up
298 info trying registry request attempt 2 at 21:39:06
299 verbose etag "FYOJ9SMMWB4Q4M30U5B86UX9"
300 http GET https://registry.npmjs.org/less-middleware
301 info trying registry request attempt 2 at 21:39:06
302 verbose etag "8OFXL875Z163A8SOU75KDC4B7"
303 http GET https://registry.npmjs.org/karma-phantomjs-launcher
304 info retry will retry, error on last attempt: Error: socket hang up
305 info trying registry request attempt 2 at 21:39:06
306 verbose etag "I84G1M63BCPZNXTWW2XGW58W"
307 http GET https://registry.npmjs.org/grunt
308 info trying registry request attempt 2 at 21:39:06
309 verbose etag "2MG1JUW3JENBS37EUFI7GVSRH"
310 http GET https://registry.npmjs.org/karma
311 info trying registry request attempt 2 at 21:39:06
312 verbose etag "3U78X2O9GIF6ZNMWYHFDRYH9H"
313 http GET https://registry.npmjs.org/karma-coverage
314 info trying registry request attempt 2 at 21:39:06
315 verbose etag "ASTTEAHSODZ8ZWP0N40FBE65M"
316 http GET https://registry.npmjs.org/jshint-stylish
317 info retry will retry, error on last attempt: Error: socket hang up
318 info retry will retry, error on last attempt: Error: socket hang up
319 info retry will retry, error on last attempt: Error: socket hang up
320 info retry will retry, error on last attempt: Error: socket hang up
321 info retry will retry, error on last attempt: Error: socket hang up
322 info trying registry request attempt 2 at 21:39:06
323 verbose etag "AOI88YOQWHDLCYIYFSA98II2E"
324 http GET https://registry.npmjs.org/karma-chrome-launcher
325 info retry will retry, error on last attempt: Error: socket hang up
326 info retry will retry, error on last attempt: Error: socket hang up
327 info trying registry request attempt 3 at 21:40:06
328 verbose etag "EGI76M5WCXO796R8B61UKUH37"
329 http GET https://registry.npmjs.org/grunt-contrib-jshint
330 info trying registry request attempt 3 at 21:40:06
331 verbose etag "O516QA0W7KS2LHG8CH4Q37I0"
332 http GET https://registry.npmjs.org/express/3.5.1
333 info trying registry request attempt 3 at 21:40:06
334 verbose etag "5JB55DZ88EJ8M6RDFT2F66EMA"
335 http GET https://registry.npmjs.org/grunt-contrib-watch
336 info trying registry request attempt 3 at 21:40:06
337 verbose etag "DW2RPRGKN9YN133WSHR3EDLV1"
338 http GET https://registry.npmjs.org/grunt-karma
339 info trying registry request attempt 3 at 21:40:06
340 verbose etag "21LY250A7CT33VYXCTNPSKMWV"
341 http GET https://registry.npmjs.org/grunt-express-server
342 info trying registry request attempt 3 at 21:40:06
343 verbose etag "5KFUOFZVIGNPZ38Z4FOIJC9H"
344 http GET https://registry.npmjs.org/grunt-istanbul-coverage
345 info trying registry request attempt 3 at 21:40:06
346 verbose etag "5GPNQTTE2XB2NM83T37J14ZQ1"
347 http GET https://registry.npmjs.org/ejs
348 info trying registry request attempt 3 at 21:40:06
349 verbose etag "FYOJ9SMMWB4Q4M30U5B86UX9"
350 http GET https://registry.npmjs.org/less-middleware
351 info trying registry request attempt 3 at 21:40:06
352 verbose etag "8OFXL875Z163A8SOU75KDC4B7"
353 http GET https://registry.npmjs.org/karma-phantomjs-launcher
354 info trying registry request attempt 3 at 21:40:06
355 verbose etag "I84G1M63BCPZNXTWW2XGW58W"
356 http GET https://registry.npmjs.org/grunt
357 info trying registry request attempt 3 at 21:40:06
358 verbose etag "2MG1JUW3JENBS37EUFI7GVSRH"
359 http GET https://registry.npmjs.org/karma
360 info trying registry request attempt 3 at 21:40:06
361 verbose etag "3U78X2O9GIF6ZNMWYHFDRYH9H"
362 http GET https://registry.npmjs.org/karma-coverage
363 info trying registry request attempt 3 at 21:40:06
364 verbose etag "ASTTEAHSODZ8ZWP0N40FBE65M"
365 http GET https://registry.npmjs.org/jshint-stylish
366 silly registry.get cb [ 304, undefined ]
367 verbose etag grunt-karma from cache
368 silly registry.get cb [ 304, undefined ]
369 verbose etag grunt-contrib-watch from cache
370 silly registry.get cb [ 304, undefined ]
371 verbose etag express/3.5.1 from cache
372 silly registry.get cb [ 304, undefined ]
373 verbose etag grunt-contrib-jshint from cache
374 silly registry.get cb [ 304, undefined ]
375 verbose etag grunt-express-server from cache
376 silly lockFile 1bfa20d8-grunt-contrib-jshint-0-10-0 grunt-contrib-jshint@^0.10.0
377 silly lockFile 1bfa20d8-grunt-contrib-jshint-0-10-0 grunt-contrib-jshint@^0.10.0
378 silly lockFile d1a0ac00-grunt-karma-0-8-2 grunt-karma@^0.8.2
379 silly lockFile d1a0ac00-grunt-karma-0-8-2 grunt-karma@^0.8.2
380 silly lockFile 35876955-grunt-express-server-0-4-19 grunt-express-server@^0.4.19
381 silly lockFile 35876955-grunt-express-server-0-4-19 grunt-express-server@^0.4.19
382 silly lockFile 224b1ece-grunt-contrib-watch-0-6-1 grunt-contrib-watch@^0.6.1
383 silly lockFile 224b1ece-grunt-contrib-watch-0-6-1 grunt-contrib-watch@^0.6.1
384 verbose read json /Users/rui/.npm/express/3.5.1/package/package.json
385 error Error: No compatible version found: grunt-contrib-jshint@'^0.10.0'
385 error Valid install targets:
385 error ["0.1.0","0.1.1","0.2.0","0.3.0","0.4.0","0.4.1","0.4.2","0.4.3","0.5.0","0.5.1","0.5.2","0.5.3","0.5.4","0.6.0","0.6.1","0.6.2","0.6.3","0.6.4","0.6.5","0.7.0","0.7.1","0.7.2","0.8.0","0.9.0","0.9.1","0.9.2","0.10.0","0.11.0","0.1.1-rc5","0.1.1-rc6"]
385 error     at installTargetsError (/usr/local/Cellar/node/0.10.11/lib/node_modules/npm/lib/cache.js:719:10)
385 error     at /usr/local/Cellar/node/0.10.11/lib/node_modules/npm/lib/cache.js:641:10
385 error     at saved (/usr/local/Cellar/node/0.10.11/lib/node_modules/npm/node_modules/npm-registry-client/lib/get.js:138:7)
385 error     at Object.oncomplete (fs.js:107:15)
386 error If you need help, you may report this log at:
386 error     <http://github.com/isaacs/npm/issues>
386 error or email it to:
386 error     <npm-@googlegroups.com>
387 error System Darwin 10.8.0
388 error command "/usr/local/Cellar/node/0.10.11/bin/node" "/usr/local/bin/npm" "install"
389 error cwd /Users/rui/Sites/sudoku
390 error node -v v0.10.11
391 error npm -v 1.2.30
392 verbose exit [ 1, true ]
